<?xml version="1.0" encoding="UTF-8"?>
<testsuite xmlns:xsi="http://www.w3.org/2001/XMLSchema-instance" xsi:noNamespaceSchemaLocation="https://maven.apache.org/surefire/maven-surefire-plugin/xsd/surefire-test-report-3.0.xsd" version="3.0" name="ValidJsonTest" time="0.115" tests="4" errors="0" skipped="0" failures="0">
  <properties>
    <property name="sun.desktop" value="gnome"/>
    <property name="awt.toolkit" value="sun.awt.X11.XToolkit"/>
    <property name="file.encoding.pkg" value="sun.io"/>
    <property name="java.specification.version" value="1.8"/>
    <property name="sun.cpu.isalist" value=""/>
    <property name="sun.jnu.encoding" value="UTF-8"/>
    <property name="java.class.path" value="/home/davisgriffith/Analytics/project/flink/flink/target/test-classes:/home/davisgriffith/Analytics/project/flink/flink/target/classes:/home/davisgriffith/.m2/repository/org/apache/flink/flink-java/1.16.1/flink-java-1.16.1.jar:/home/davisgriffith/.m2/repository/org/apache/commons/commons-lang3/3.3.2/commons-lang3-3.3.2.jar:/home/davisgriffith/.m2/repository/org/apache/commons/commons-math3/3.6.1/commons-math3-3.6.1.jar:/home/davisgriffith/.m2/repository/com/twitter/chill-java/0.7.6/chill-java-0.7.6.jar:/home/davisgriffith/.m2/repository/com/google/code/findbugs/jsr305/1.3.9/jsr305-1.3.9.jar:/home/davisgriffith/.m2/repository/org/apache/flink/flink-shaded-force-shading/15.0/flink-shaded-force-shading-15.0.jar:/home/davisgriffith/.m2/repository/org/apache/flink/flink-streaming-java/1.16.1/flink-streaming-java-1.16.1.jar:/home/davisgriffith/.m2/repository/org/apache/flink/flink-file-sink-common/1.16.1/flink-file-sink-common-1.16.1.jar:/home/davisgriffith/.m2/repository/org/apache/flink/flink-runtime/1.16.1/flink-runtime-1.16.1.jar:/home/davisgriffith/.m2/repository/org/apache/flink/flink-rpc-core/1.16.1/flink-rpc-core-1.16.1.jar:/home/davisgriffith/.m2/repository/org/apache/flink/flink-rpc-akka-loader/1.16.1/flink-rpc-akka-loader-1.16.1.jar:/home/davisgriffith/.m2/repository/org/apache/flink/flink-queryable-state-client-java/1.16.1/flink-queryable-state-client-java-1.16.1.jar:/home/davisgriffith/.m2/repository/org/apache/flink/flink-hadoop-fs/1.16.1/flink-hadoop-fs-1.16.1.jar:/home/davisgriffith/.m2/repository/commons-io/commons-io/2.11.0/commons-io-2.11.0.jar:/home/davisgriffith/.m2/repository/org/apache/flink/flink-shaded-netty/4.1.70.Final-15.0/flink-shaded-netty-4.1.70.Final-15.0.jar:/home/davisgriffith/.m2/repository/org/apache/flink/flink-shaded-zookeeper-3/3.5.9-15.0/flink-shaded-zookeeper-3-3.5.9-15.0.jar:/home/davisgriffith/.m2/repository/org/javassist/javassist/3.24.0-GA/javassist-3.24.0-GA.jar:/home/davisgriffith/.m2/repository/org/xerial/snappy/snappy-java/1.1.8.3/snappy-java-1.1.8.3.jar:/home/davisgriffith/.m2/repository/org/lz4/lz4-java/1.8.0/lz4-java-1.8.0.jar:/home/davisgriffith/.m2/repository/org/apache/flink/flink-shaded-guava/30.1.1-jre-15.0/flink-shaded-guava-30.1.1-jre-15.0.jar:/home/davisgriffith/.m2/repository/org/apache/flink/flink-test-utils/1.19.0/flink-test-utils-1.19.0.jar:/home/davisgriffith/.m2/repository/org/apache/flink/flink-table-common/1.19.0/flink-table-common-1.19.0.jar:/home/davisgriffith/.m2/repository/com/ibm/icu/icu4j/67.1/icu4j-67.1.jar:/home/davisgriffith/.m2/repository/org/apache/flink/flink-test-utils-junit/1.19.0/flink-test-utils-junit-1.19.0.jar:/home/davisgriffith/.m2/repository/org/junit/vintage/junit-vintage-engine/5.10.1/junit-vintage-engine-5.10.1.jar:/home/davisgriffith/.m2/repository/org/junit/platform/junit-platform-engine/1.10.1/junit-platform-engine-1.10.1.jar:/home/davisgriffith/.m2/repository/org/apiguardian/apiguardian-api/1.1.2/apiguardian-api-1.1.2.jar:/home/davisgriffith/.m2/repository/org/apache/logging/log4j/log4j-slf4j-impl/2.17.1/log4j-slf4j-impl-2.17.1.jar:/home/davisgriffith/.m2/repository/org/testcontainers/testcontainers/1.19.1/testcontainers-1.19.1.jar:/home/davisgriffith/.m2/repository/org/rnorth/duct-tape/duct-tape/1.0.8/duct-tape-1.0.8.jar:/home/davisgriffith/.m2/repository/com/github/docker-java/docker-java-api/3.3.3/docker-java-api-3.3.3.jar:/home/davisgriffith/.m2/repository/com/github/docker-java/docker-java-transport-zerodep/3.3.3/docker-java-transport-zerodep-3.3.3.jar:/home/davisgriffith/.m2/repository/com/github/docker-java/docker-java-transport/3.3.3/docker-java-transport-3.3.3.jar:/home/davisgriffith/.m2/repository/net/java/dev/jna/jna/5.12.1/jna-5.12.1.jar:/home/davisgriffith/.m2/repository/org/apache/flink/flink-runtime/1.19.0/flink-runtime-1.19.0-tests.jar:/home/davisgriffith/.m2/repository/org/apache/commons/commons-text/1.10.0/commons-text-1.10.0.jar:/home/davisgriffith/.m2/repository/tools/profiler/async-profiler/2.9/async-profiler-2.9.jar:/home/davisgriffith/.m2/repository/org/apache/flink/flink-core/1.19.0/flink-core-1.19.0-tests.jar:/home/davisgriffith/.m2/repository/org/snakeyaml/snakeyaml-engine/2.6/snakeyaml-engine-2.6.jar:/home/davisgriffith/.m2/repository/org/apache/flink/flink-rpc-akka-loader/1.19.0/flink-rpc-akka-loader-1.19.0-tests.jar:/home/davisgriffith/.m2/repository/org/junit/jupiter/junit-jupiter/5.10.1/junit-jupiter-5.10.1.jar:/home/davisgriffith/.m2/repository/org/junit/jupiter/junit-jupiter-api/5.10.1/junit-jupiter-api-5.10.1.jar:/home/davisgriffith/.m2/repository/org/opentest4j/opentest4j/1.3.0/opentest4j-1.3.0.jar:/home/davisgriffith/.m2/repository/org/junit/platform/junit-platform-commons/1.10.1/junit-platform-commons-1.10.1.jar:/home/davisgriffith/.m2/repository/org/junit/jupiter/junit-jupiter-params/5.10.1/junit-jupiter-params-5.10.1.jar:/home/davisgriffith/.m2/repository/org/junit/jupiter/junit-jupiter-engine/5.10.1/junit-jupiter-engine-5.10.1.jar:/home/davisgriffith/.m2/repository/org/assertj/assertj-core/3.23.1/assertj-core-3.23.1.jar:/home/davisgriffith/.m2/repository/net/bytebuddy/byte-buddy/1.12.10/byte-buddy-1.12.10.jar:/home/davisgriffith/.m2/repository/org/apache/flink/flink-streaming-java/1.19.0/flink-streaming-java-1.19.0-tests.jar:/home/davisgriffith/.m2/repository/org/apache/flink/flink-connector-datagen/1.19.0/flink-connector-datagen-1.19.0.jar:/home/davisgriffith/.m2/repository/org/apache/flink/flink-statebackend-rocksdb/1.19.0/flink-statebackend-rocksdb-1.19.0.jar:/home/davisgriffith/.m2/repository/com/ververica/frocksdbjni/6.20.3-ververica-2.0/frocksdbjni-6.20.3-ververica-2.0.jar:/home/davisgriffith/.m2/repository/org/apache/flink/flink-statebackend-changelog/1.19.0/flink-statebackend-changelog-1.19.0.jar:/home/davisgriffith/.m2/repository/org/apache/flink/flink-statebackend-common/1.19.0/flink-statebackend-common-1.19.0.jar:/home/davisgriffith/.m2/repository/org/apache/flink/flink-dstl-dfs/1.19.0/flink-dstl-dfs-1.19.0.jar:/home/davisgriffith/.m2/repository/org/apache/curator/curator-test/5.4.0/curator-test-5.4.0.jar:/home/davisgriffith/.m2/repository/org/apache/zookeeper/zookeeper/3.7.1/zookeeper-3.7.1.jar:/home/davisgriffith/.m2/repository/org/apache/zookeeper/zookeeper-jute/3.7.1/zookeeper-jute-3.7.1.jar:/home/davisgriffith/.m2/repository/org/apache/yetus/audience-annotations/0.12.0/audience-annotations-0.12.0.jar:/home/davisgriffith/.m2/repository/io/netty/netty-handler/4.1.76.Final/netty-handler-4.1.76.Final.jar:/home/davisgriffith/.m2/repository/io/netty/netty-common/4.1.76.Final/netty-common-4.1.76.Final.jar:/home/davisgriffith/.m2/repository/io/netty/netty-resolver/4.1.76.Final/netty-resolver-4.1.76.Final.jar:/home/davisgriffith/.m2/repository/io/netty/netty-buffer/4.1.76.Final/netty-buffer-4.1.76.Final.jar:/home/davisgriffith/.m2/repository/io/netty/netty-transport/4.1.76.Final/netty-transport-4.1.76.Final.jar:/home/davisgriffith/.m2/repository/io/netty/netty-codec/4.1.76.Final/netty-codec-4.1.76.Final.jar:/home/davisgriffith/.m2/repository/io/netty/netty-transport-native-epoll/4.1.76.Final/netty-transport-native-epoll-4.1.76.Final.jar:/home/davisgriffith/.m2/repository/io/netty/netty-transport-native-unix-common/4.1.76.Final/netty-transport-native-unix-common-4.1.76.Final.jar:/home/davisgriffith/.m2/repository/io/netty/netty-transport-classes-epoll/4.1.76.Final/netty-transport-classes-epoll-4.1.76.Final.jar:/home/davisgriffith/.m2/repository/io/dropwizard/metrics/metrics-core/3.2.5/metrics-core-3.2.5.jar:/home/davisgriffith/.m2/repository/com/google/guava/guava/31.1-jre/guava-31.1-jre.jar:/home/davisgriffith/.m2/repository/com/google/guava/failureaccess/1.0.1/failureaccess-1.0.1.jar:/home/davisgriffith/.m2/repository/com/google/guava/listenablefuture/9999.0-empty-to-avoid-conflict-with-guava/listenablefuture-9999.0-empty-to-avoid-conflict-with-guava.jar:/home/davisgriffith/.m2/repository/org/checkerframework/checker-qual/3.12.0/checker-qual-3.12.0.jar:/home/davisgriffith/.m2/repository/com/google/errorprone/error_prone_annotations/2.11.0/error_prone_annotations-2.11.0.jar:/home/davisgriffith/.m2/repository/com/google/j2objc/j2objc-annotations/1.3/j2objc-annotations-1.3.jar:/home/davisgriffith/.m2/repository/junit/junit/4.13.1/junit-4.13.1.jar:/home/davisgriffith/.m2/repository/org/hamcrest/hamcrest-core/1.3/hamcrest-core-1.3.jar:/home/davisgriffith/.m2/repository/com/fasterxml/jackson/core/jackson-databind/2.17.1/jackson-databind-2.17.1.jar:/home/davisgriffith/.m2/repository/com/fasterxml/jackson/core/jackson-core/2.17.1/jackson-core-2.17.1.jar:/home/davisgriffith/.m2/repository/com/fasterxml/jackson/core/jackson-annotations/2.17.1/jackson-annotations-2.17.1.jar:/home/davisgriffith/.m2/repository/org/slf4j/slf4j-api/1.7.32/slf4j-api-1.7.32.jar:/home/davisgriffith/.m2/repository/org/json/json/20240303/json-20240303.jar:/home/davisgriffith/.m2/repository/org/slf4j/slf4j-simple/1.7.30/slf4j-simple-1.7.30.jar:/home/davisgriffith/.m2/repository/ch/qos/logback/logback-classic/1.2.10/logback-classic-1.2.10.jar:/home/davisgriffith/.m2/repository/ch/qos/logback/logback-core/1.2.10/logback-core-1.2.10.jar:/home/davisgriffith/.m2/repository/org/apache/flink/flink-core/1.16.1/flink-core-1.16.1.jar:/home/davisgriffith/.m2/repository/org/apache/flink/flink-annotations/1.16.1/flink-annotations-1.16.1.jar:/home/davisgriffith/.m2/repository/org/apache/flink/flink-metrics-core/1.16.1/flink-metrics-core-1.16.1.jar:/home/davisgriffith/.m2/repository/org/apache/flink/flink-shaded-asm-9/9.2-15.0/flink-shaded-asm-9-9.2-15.0.jar:/home/davisgriffith/.m2/repository/org/apache/flink/flink-shaded-jackson/2.12.4-15.0/flink-shaded-jackson-2.12.4-15.0.jar:/home/davisgriffith/.m2/repository/com/esotericsoftware/kryo/kryo/2.24.0/kryo-2.24.0.jar:/home/davisgriffith/.m2/repository/com/esotericsoftware/minlog/minlog/1.2/minlog-1.2.jar:/home/davisgriffith/.m2/repository/org/objenesis/objenesis/2.1/objenesis-2.1.jar:/home/davisgriffith/.m2/repository/commons-collections/commons-collections/3.2.2/commons-collections-3.2.2.jar:/home/davisgriffith/.m2/repository/org/apache/commons/commons-compress/1.21/commons-compress-1.21.jar:/home/davisgriffith/.m2/repository/org/apache/flink/flink-clients/1.16.1/flink-clients-1.16.1.jar:/home/davisgriffith/.m2/repository/org/apache/flink/flink-optimizer/1.16.1/flink-optimizer-1.16.1.jar:/home/davisgriffith/.m2/repository/commons-cli/commons-cli/1.5.0/commons-cli-1.5.0.jar:/home/davisgriffith/.m2/repository/org/apache/flink/flink-connector-kafka/1.16.1/flink-connector-kafka-1.16.1.jar:/home/davisgriffith/.m2/repository/org/apache/flink/flink-connector-base/1.16.1/flink-connector-base-1.16.1.jar:/home/davisgriffith/.m2/repository/org/apache/kafka/kafka-clients/3.2.3/kafka-clients-3.2.3.jar:/home/davisgriffith/.m2/repository/com/github/luben/zstd-jni/1.5.2-1/zstd-jni-1.5.2-1.jar:/home/davisgriffith/.m2/repository/org/apache/logging/log4j/log4j-core/3.0.0-beta2/log4j-core-3.0.0-beta2.jar:/home/davisgriffith/.m2/repository/org/apache/logging/log4j/log4j-api/3.0.0-beta2/log4j-api-3.0.0-beta2.jar:/home/davisgriffith/.m2/repository/org/apache/logging/log4j/log4j-plugins/3.0.0-beta2/log4j-plugins-3.0.0-beta2.jar:/home/davisgriffith/.m2/repository/org/jetbrains/annotations/24.1.0/annotations-24.1.0.jar:/home/davisgriffith/.m2/repository/org/testng/testng/7.10.2/testng-7.10.2.jar:/home/davisgriffith/.m2/repository/com/beust/jcommander/1.82/jcommander-1.82.jar:/home/davisgriffith/.m2/repository/org/webjars/jquery/3.7.1/jquery-3.7.1.jar:"/>
    <property name="java.vm.vendor" value="Private Build"/>
    <property name="sun.arch.data.model" value="64"/>
    <property name="java.vendor.url" value="http://java.oracle.com/"/>
    <property name="user.timezone" value="Asia/Kolkata"/>
    <property name="java.vm.specification.version" value="1.8"/>
    <property name="os.name" value="Linux"/>
    <property name="user.country" value="IN"/>
    <property name="sun.java.launcher" value="SUN_STANDARD"/>
    <property name="sun.boot.library.path" value="/usr/lib/jvm/java-8-openjdk-amd64/jre/lib/amd64"/>
    <property name="sun.java.command" value="/home/davisgriffith/Analytics/project/flink/flink/target/surefire/surefirebooter-20240606193359936_3.jar /home/davisgriffith/Analytics/project/flink/flink/target/surefire 2024-06-06T19-33-59_802-jvmRun1 surefire-20240606193359936_1tmp surefire_0-20240606193359936_2tmp"/>
    <property name="surefire.test.class.path" value="/home/davisgriffith/Analytics/project/flink/flink/target/test-classes:/home/davisgriffith/Analytics/project/flink/flink/target/classes:/home/davisgriffith/.m2/repository/org/apache/flink/flink-java/1.16.1/flink-java-1.16.1.jar:/home/davisgriffith/.m2/repository/org/apache/commons/commons-lang3/3.3.2/commons-lang3-3.3.2.jar:/home/davisgriffith/.m2/repository/org/apache/commons/commons-math3/3.6.1/commons-math3-3.6.1.jar:/home/davisgriffith/.m2/repository/com/twitter/chill-java/0.7.6/chill-java-0.7.6.jar:/home/davisgriffith/.m2/repository/com/google/code/findbugs/jsr305/1.3.9/jsr305-1.3.9.jar:/home/davisgriffith/.m2/repository/org/apache/flink/flink-shaded-force-shading/15.0/flink-shaded-force-shading-15.0.jar:/home/davisgriffith/.m2/repository/org/apache/flink/flink-streaming-java/1.16.1/flink-streaming-java-1.16.1.jar:/home/davisgriffith/.m2/repository/org/apache/flink/flink-file-sink-common/1.16.1/flink-file-sink-common-1.16.1.jar:/home/davisgriffith/.m2/repository/org/apache/flink/flink-runtime/1.16.1/flink-runtime-1.16.1.jar:/home/davisgriffith/.m2/repository/org/apache/flink/flink-rpc-core/1.16.1/flink-rpc-core-1.16.1.jar:/home/davisgriffith/.m2/repository/org/apache/flink/flink-rpc-akka-loader/1.16.1/flink-rpc-akka-loader-1.16.1.jar:/home/davisgriffith/.m2/repository/org/apache/flink/flink-queryable-state-client-java/1.16.1/flink-queryable-state-client-java-1.16.1.jar:/home/davisgriffith/.m2/repository/org/apache/flink/flink-hadoop-fs/1.16.1/flink-hadoop-fs-1.16.1.jar:/home/davisgriffith/.m2/repository/commons-io/commons-io/2.11.0/commons-io-2.11.0.jar:/home/davisgriffith/.m2/repository/org/apache/flink/flink-shaded-netty/4.1.70.Final-15.0/flink-shaded-netty-4.1.70.Final-15.0.jar:/home/davisgriffith/.m2/repository/org/apache/flink/flink-shaded-zookeeper-3/3.5.9-15.0/flink-shaded-zookeeper-3-3.5.9-15.0.jar:/home/davisgriffith/.m2/repository/org/javassist/javassist/3.24.0-GA/javassist-3.24.0-GA.jar:/home/davisgriffith/.m2/repository/org/xerial/snappy/snappy-java/1.1.8.3/snappy-java-1.1.8.3.jar:/home/davisgriffith/.m2/repository/org/lz4/lz4-java/1.8.0/lz4-java-1.8.0.jar:/home/davisgriffith/.m2/repository/org/apache/flink/flink-shaded-guava/30.1.1-jre-15.0/flink-shaded-guava-30.1.1-jre-15.0.jar:/home/davisgriffith/.m2/repository/org/apache/flink/flink-test-utils/1.19.0/flink-test-utils-1.19.0.jar:/home/davisgriffith/.m2/repository/org/apache/flink/flink-table-common/1.19.0/flink-table-common-1.19.0.jar:/home/davisgriffith/.m2/repository/com/ibm/icu/icu4j/67.1/icu4j-67.1.jar:/home/davisgriffith/.m2/repository/org/apache/flink/flink-test-utils-junit/1.19.0/flink-test-utils-junit-1.19.0.jar:/home/davisgriffith/.m2/repository/org/junit/vintage/junit-vintage-engine/5.10.1/junit-vintage-engine-5.10.1.jar:/home/davisgriffith/.m2/repository/org/junit/platform/junit-platform-engine/1.10.1/junit-platform-engine-1.10.1.jar:/home/davisgriffith/.m2/repository/org/apiguardian/apiguardian-api/1.1.2/apiguardian-api-1.1.2.jar:/home/davisgriffith/.m2/repository/org/apache/logging/log4j/log4j-slf4j-impl/2.17.1/log4j-slf4j-impl-2.17.1.jar:/home/davisgriffith/.m2/repository/org/testcontainers/testcontainers/1.19.1/testcontainers-1.19.1.jar:/home/davisgriffith/.m2/repository/org/rnorth/duct-tape/duct-tape/1.0.8/duct-tape-1.0.8.jar:/home/davisgriffith/.m2/repository/com/github/docker-java/docker-java-api/3.3.3/docker-java-api-3.3.3.jar:/home/davisgriffith/.m2/repository/com/github/docker-java/docker-java-transport-zerodep/3.3.3/docker-java-transport-zerodep-3.3.3.jar:/home/davisgriffith/.m2/repository/com/github/docker-java/docker-java-transport/3.3.3/docker-java-transport-3.3.3.jar:/home/davisgriffith/.m2/repository/net/java/dev/jna/jna/5.12.1/jna-5.12.1.jar:/home/davisgriffith/.m2/repository/org/apache/flink/flink-runtime/1.19.0/flink-runtime-1.19.0-tests.jar:/home/davisgriffith/.m2/repository/org/apache/commons/commons-text/1.10.0/commons-text-1.10.0.jar:/home/davisgriffith/.m2/repository/tools/profiler/async-profiler/2.9/async-profiler-2.9.jar:/home/davisgriffith/.m2/repository/org/apache/flink/flink-core/1.19.0/flink-core-1.19.0-tests.jar:/home/davisgriffith/.m2/repository/org/snakeyaml/snakeyaml-engine/2.6/snakeyaml-engine-2.6.jar:/home/davisgriffith/.m2/repository/org/apache/flink/flink-rpc-akka-loader/1.19.0/flink-rpc-akka-loader-1.19.0-tests.jar:/home/davisgriffith/.m2/repository/org/junit/jupiter/junit-jupiter/5.10.1/junit-jupiter-5.10.1.jar:/home/davisgriffith/.m2/repository/org/junit/jupiter/junit-jupiter-api/5.10.1/junit-jupiter-api-5.10.1.jar:/home/davisgriffith/.m2/repository/org/opentest4j/opentest4j/1.3.0/opentest4j-1.3.0.jar:/home/davisgriffith/.m2/repository/org/junit/platform/junit-platform-commons/1.10.1/junit-platform-commons-1.10.1.jar:/home/davisgriffith/.m2/repository/org/junit/jupiter/junit-jupiter-params/5.10.1/junit-jupiter-params-5.10.1.jar:/home/davisgriffith/.m2/repository/org/junit/jupiter/junit-jupiter-engine/5.10.1/junit-jupiter-engine-5.10.1.jar:/home/davisgriffith/.m2/repository/org/assertj/assertj-core/3.23.1/assertj-core-3.23.1.jar:/home/davisgriffith/.m2/repository/net/bytebuddy/byte-buddy/1.12.10/byte-buddy-1.12.10.jar:/home/davisgriffith/.m2/repository/org/apache/flink/flink-streaming-java/1.19.0/flink-streaming-java-1.19.0-tests.jar:/home/davisgriffith/.m2/repository/org/apache/flink/flink-connector-datagen/1.19.0/flink-connector-datagen-1.19.0.jar:/home/davisgriffith/.m2/repository/org/apache/flink/flink-statebackend-rocksdb/1.19.0/flink-statebackend-rocksdb-1.19.0.jar:/home/davisgriffith/.m2/repository/com/ververica/frocksdbjni/6.20.3-ververica-2.0/frocksdbjni-6.20.3-ververica-2.0.jar:/home/davisgriffith/.m2/repository/org/apache/flink/flink-statebackend-changelog/1.19.0/flink-statebackend-changelog-1.19.0.jar:/home/davisgriffith/.m2/repository/org/apache/flink/flink-statebackend-common/1.19.0/flink-statebackend-common-1.19.0.jar:/home/davisgriffith/.m2/repository/org/apache/flink/flink-dstl-dfs/1.19.0/flink-dstl-dfs-1.19.0.jar:/home/davisgriffith/.m2/repository/org/apache/curator/curator-test/5.4.0/curator-test-5.4.0.jar:/home/davisgriffith/.m2/repository/org/apache/zookeeper/zookeeper/3.7.1/zookeeper-3.7.1.jar:/home/davisgriffith/.m2/repository/org/apache/zookeeper/zookeeper-jute/3.7.1/zookeeper-jute-3.7.1.jar:/home/davisgriffith/.m2/repository/org/apache/yetus/audience-annotations/0.12.0/audience-annotations-0.12.0.jar:/home/davisgriffith/.m2/repository/io/netty/netty-handler/4.1.76.Final/netty-handler-4.1.76.Final.jar:/home/davisgriffith/.m2/repository/io/netty/netty-common/4.1.76.Final/netty-common-4.1.76.Final.jar:/home/davisgriffith/.m2/repository/io/netty/netty-resolver/4.1.76.Final/netty-resolver-4.1.76.Final.jar:/home/davisgriffith/.m2/repository/io/netty/netty-buffer/4.1.76.Final/netty-buffer-4.1.76.Final.jar:/home/davisgriffith/.m2/repository/io/netty/netty-transport/4.1.76.Final/netty-transport-4.1.76.Final.jar:/home/davisgriffith/.m2/repository/io/netty/netty-codec/4.1.76.Final/netty-codec-4.1.76.Final.jar:/home/davisgriffith/.m2/repository/io/netty/netty-transport-native-epoll/4.1.76.Final/netty-transport-native-epoll-4.1.76.Final.jar:/home/davisgriffith/.m2/repository/io/netty/netty-transport-native-unix-common/4.1.76.Final/netty-transport-native-unix-common-4.1.76.Final.jar:/home/davisgriffith/.m2/repository/io/netty/netty-transport-classes-epoll/4.1.76.Final/netty-transport-classes-epoll-4.1.76.Final.jar:/home/davisgriffith/.m2/repository/io/dropwizard/metrics/metrics-core/3.2.5/metrics-core-3.2.5.jar:/home/davisgriffith/.m2/repository/com/google/guava/guava/31.1-jre/guava-31.1-jre.jar:/home/davisgriffith/.m2/repository/com/google/guava/failureaccess/1.0.1/failureaccess-1.0.1.jar:/home/davisgriffith/.m2/repository/com/google/guava/listenablefuture/9999.0-empty-to-avoid-conflict-with-guava/listenablefuture-9999.0-empty-to-avoid-conflict-with-guava.jar:/home/davisgriffith/.m2/repository/org/checkerframework/checker-qual/3.12.0/checker-qual-3.12.0.jar:/home/davisgriffith/.m2/repository/com/google/errorprone/error_prone_annotations/2.11.0/error_prone_annotations-2.11.0.jar:/home/davisgriffith/.m2/repository/com/google/j2objc/j2objc-annotations/1.3/j2objc-annotations-1.3.jar:/home/davisgriffith/.m2/repository/junit/junit/4.13.1/junit-4.13.1.jar:/home/davisgriffith/.m2/repository/org/hamcrest/hamcrest-core/1.3/hamcrest-core-1.3.jar:/home/davisgriffith/.m2/repository/com/fasterxml/jackson/core/jackson-databind/2.17.1/jackson-databind-2.17.1.jar:/home/davisgriffith/.m2/repository/com/fasterxml/jackson/core/jackson-core/2.17.1/jackson-core-2.17.1.jar:/home/davisgriffith/.m2/repository/com/fasterxml/jackson/core/jackson-annotations/2.17.1/jackson-annotations-2.17.1.jar:/home/davisgriffith/.m2/repository/org/slf4j/slf4j-api/1.7.32/slf4j-api-1.7.32.jar:/home/davisgriffith/.m2/repository/org/json/json/20240303/json-20240303.jar:/home/davisgriffith/.m2/repository/org/slf4j/slf4j-simple/1.7.30/slf4j-simple-1.7.30.jar:/home/davisgriffith/.m2/repository/ch/qos/logback/logback-classic/1.2.10/logback-classic-1.2.10.jar:/home/davisgriffith/.m2/repository/ch/qos/logback/logback-core/1.2.10/logback-core-1.2.10.jar:/home/davisgriffith/.m2/repository/org/apache/flink/flink-core/1.16.1/flink-core-1.16.1.jar:/home/davisgriffith/.m2/repository/org/apache/flink/flink-annotations/1.16.1/flink-annotations-1.16.1.jar:/home/davisgriffith/.m2/repository/org/apache/flink/flink-metrics-core/1.16.1/flink-metrics-core-1.16.1.jar:/home/davisgriffith/.m2/repository/org/apache/flink/flink-shaded-asm-9/9.2-15.0/flink-shaded-asm-9-9.2-15.0.jar:/home/davisgriffith/.m2/repository/org/apache/flink/flink-shaded-jackson/2.12.4-15.0/flink-shaded-jackson-2.12.4-15.0.jar:/home/davisgriffith/.m2/repository/com/esotericsoftware/kryo/kryo/2.24.0/kryo-2.24.0.jar:/home/davisgriffith/.m2/repository/com/esotericsoftware/minlog/minlog/1.2/minlog-1.2.jar:/home/davisgriffith/.m2/repository/org/objenesis/objenesis/2.1/objenesis-2.1.jar:/home/davisgriffith/.m2/repository/commons-collections/commons-collections/3.2.2/commons-collections-3.2.2.jar:/home/davisgriffith/.m2/repository/org/apache/commons/commons-compress/1.21/commons-compress-1.21.jar:/home/davisgriffith/.m2/repository/org/apache/flink/flink-clients/1.16.1/flink-clients-1.16.1.jar:/home/davisgriffith/.m2/repository/org/apache/flink/flink-optimizer/1.16.1/flink-optimizer-1.16.1.jar:/home/davisgriffith/.m2/repository/commons-cli/commons-cli/1.5.0/commons-cli-1.5.0.jar:/home/davisgriffith/.m2/repository/org/apache/flink/flink-connector-kafka/1.16.1/flink-connector-kafka-1.16.1.jar:/home/davisgriffith/.m2/repository/org/apache/flink/flink-connector-base/1.16.1/flink-connector-base-1.16.1.jar:/home/davisgriffith/.m2/repository/org/apache/kafka/kafka-clients/3.2.3/kafka-clients-3.2.3.jar:/home/davisgriffith/.m2/repository/com/github/luben/zstd-jni/1.5.2-1/zstd-jni-1.5.2-1.jar:/home/davisgriffith/.m2/repository/org/apache/logging/log4j/log4j-core/3.0.0-beta2/log4j-core-3.0.0-beta2.jar:/home/davisgriffith/.m2/repository/org/apache/logging/log4j/log4j-api/3.0.0-beta2/log4j-api-3.0.0-beta2.jar:/home/davisgriffith/.m2/repository/org/apache/logging/log4j/log4j-plugins/3.0.0-beta2/log4j-plugins-3.0.0-beta2.jar:/home/davisgriffith/.m2/repository/org/jetbrains/annotations/24.1.0/annotations-24.1.0.jar:/home/davisgriffith/.m2/repository/org/testng/testng/7.10.2/testng-7.10.2.jar:/home/davisgriffith/.m2/repository/com/beust/jcommander/1.82/jcommander-1.82.jar:/home/davisgriffith/.m2/repository/org/webjars/jquery/3.7.1/jquery-3.7.1.jar:"/>
    <property name="sun.cpu.endian" value="little"/>
    <property name="user.home" value="/home/davisgriffith"/>
    <property name="user.language" value="en"/>
    <property name="java.specification.vendor" value="Oracle Corporation"/>
    <property name="java.home" value="/usr/lib/jvm/java-8-openjdk-amd64/jre"/>
    <property name="basedir" value="/home/davisgriffith/Analytics/project/flink/flink"/>
    <property name="file.separator" value="/"/>
    <property name="line.separator" value="&#10;"/>
    <property name="java.vm.specification.vendor" value="Oracle Corporation"/>
    <property name="java.specification.name" value="Java Platform API Specification"/>
    <property name="java.awt.graphicsenv" value="sun.awt.X11GraphicsEnvironment"/>
    <property name="surefire.real.class.path" value="/home/davisgriffith/Analytics/project/flink/flink/target/surefire/surefirebooter-20240606193359936_3.jar"/>
    <property name="sun.boot.class.path" value="/usr/lib/jvm/java-8-openjdk-amd64/jre/lib/resources.jar:/usr/lib/jvm/java-8-openjdk-amd64/jre/lib/rt.jar:/usr/lib/jvm/java-8-openjdk-amd64/jre/lib/sunrsasign.jar:/usr/lib/jvm/java-8-openjdk-amd64/jre/lib/jsse.jar:/usr/lib/jvm/java-8-openjdk-amd64/jre/lib/jce.jar:/usr/lib/jvm/java-8-openjdk-amd64/jre/lib/charsets.jar:/usr/lib/jvm/java-8-openjdk-amd64/jre/lib/jfr.jar:/usr/lib/jvm/java-8-openjdk-amd64/jre/classes"/>
    <property name="sun.management.compiler" value="HotSpot 64-Bit Tiered Compilers"/>
    <property name="java.runtime.version" value="1.8.0_402-8u402-ga-2ubuntu1~22.04-b06"/>
    <property name="user.name" value="davisgriffith"/>
    <property name="path.separator" value=":"/>
    <property name="os.version" value="6.5.0-35-generic"/>
    <property name="java.endorsed.dirs" value="/usr/lib/jvm/java-8-openjdk-amd64/jre/lib/endorsed"/>
    <property name="java.runtime.name" value="OpenJDK Runtime Environment"/>
    <property name="file.encoding" value="UTF-8"/>
    <property name="java.vm.name" value="OpenJDK 64-Bit Server VM"/>
    <property name="localRepository" value="/home/davisgriffith/.m2/repository"/>
    <property name="java.vendor.url.bug" value="http://bugreport.sun.com/bugreport/"/>
    <property name="java.io.tmpdir" value="/tmp"/>
    <property name="idea.version" value="2024.1.2"/>
    <property name="java.version" value="1.8.0_402"/>
    <property name="user.dir" value="/home/davisgriffith/Analytics/project/flink/flink"/>
    <property name="os.arch" value="amd64"/>
    <property name="java.vm.specification.name" value="Java Virtual Machine Specification"/>
    <property name="java.awt.printerjob" value="sun.print.PSPrinterJob"/>
    <property name="sun.os.patch.level" value="unknown"/>
    <property name="java.library.path" value="/usr/java/packages/lib/amd64:/usr/lib/x86_64-linux-gnu/jni:/lib/x86_64-linux-gnu:/usr/lib/x86_64-linux-gnu:/usr/lib/jni:/lib:/usr/lib"/>
    <property name="java.vm.info" value="mixed mode"/>
    <property name="java.vendor" value="Private Build"/>
    <property name="java.vm.version" value="25.402-b06"/>
    <property name="java.specification.maintenance.version" value="5"/>
    <property name="java.ext.dirs" value="/usr/lib/jvm/java-8-openjdk-amd64/jre/lib/ext:/usr/java/packages/lib/ext"/>
    <property name="sun.io.unicode.encoding" value="UnicodeLittle"/>
    <property name="java.class.version" value="52.0"/>
  </properties>
  <testcase name="testCase001" classname="ValidJsonTest" time="0.062"/>
  <testcase name="testCase002" classname="ValidJsonTest" time="0.004"/>
  <testcase name="testCase003" classname="ValidJsonTest" time="0.003"/>
  <testcase name="testCase004" classname="ValidJsonTest" time="0.006"/>
</testsuite>